<?xml version="1.0" encoding="UTF-8"?>
<testsuite name="CaptainsLogTest" tests="6" skipped="0" failures="0" errors="0" timestamp="2023-11-29T08:41:13" hostname="DESKTOP-87SVNAK" time="0.151">
  <properties/>
  <testcase name="Generating a random stardate" classname="CaptainsLogTest" time="0.072"/>
  <testcase name="Generated stardates are valid" classname="CaptainsLogTest" time="0.011"/>
  <testcase name="Generated ship registry numbers are valid" classname="CaptainsLogTest" time="0.041"/>
  <testcase name="Generating a random ship registry number" classname="CaptainsLogTest" time="0.01"/>
  <testcase name="Generated planet classes are valid" classname="CaptainsLogTest" time="0.004"/>
  <testcase name="Generating a random planet class" classname="CaptainsLogTest" time="0.001"/>
  <system-out><![CDATA[]]></system-out>
  <system-err><![CDATA[]]></system-err>
</testsuite>
